0 info it worked if it ends with ok
1 verbose cli [ '/usr/bin/node', '/usr/bin/npm', 'install', 'incov-lite' ]
2 info using npm@1.4.28
3 info using node@v0.10.37
4 verbose node symlink /usr/bin/node
5 warn package.json html-strings@0.0.1 No repository field.
6 verbose readDependencies using package.json deps
7 verbose cache add [ 'incov-lite', null ]
8 verbose cache add name=undefined spec="incov-lite" args=["incov-lite",null]
9 verbose parsed url { protocol: null,
9 verbose parsed url   slashes: null,
9 verbose parsed url   auth: null,
9 verbose parsed url   host: null,
9 verbose parsed url   port: null,
9 verbose parsed url   hostname: null,
9 verbose parsed url   hash: null,
9 verbose parsed url   search: null,
9 verbose parsed url   query: null,
9 verbose parsed url   pathname: 'incov-lite',
9 verbose parsed url   path: 'incov-lite',
9 verbose parsed url   href: 'incov-lite' }
10 silly lockFile cd7e0cb4-incov-lite incov-lite
11 verbose lock incov-lite /home/estacio/.npm/cd7e0cb4-incov-lite.lock
12 silly lockFile cd7e0cb4-incov-lite incov-lite
13 silly lockFile cd7e0cb4-incov-lite incov-lite
14 verbose addNamed [ 'incov-lite', '' ]
15 verbose addNamed [ null, '*' ]
16 silly lockFile 13f1e759-incov-lite incov-lite@
17 verbose lock incov-lite@ /home/estacio/.npm/13f1e759-incov-lite.lock
18 silly addNameRange { name: 'incov-lite', range: '*', hasData: false }
19 verbose request where is /incov-lite
20 verbose request registry https://registry.npmjs.org/
21 verbose request id 523f047ccc20b4d4
22 verbose url raw /incov-lite
23 verbose url resolving [ 'https://registry.npmjs.org/', './incov-lite' ]
24 verbose url resolved https://registry.npmjs.org/incov-lite
25 verbose request where is https://registry.npmjs.org/incov-lite
26 info trying registry request attempt 1 at 20:48:40
27 http GET https://registry.npmjs.org/incov-lite
28 http 404 https://registry.npmjs.org/incov-lite
29 silly registry.get cb [ 404,
29 silly registry.get   { 'content-type': 'application/json',
29 silly registry.get     'cache-control': 'max-age=0',
29 silly registry.get     'content-length': '2',
29 silly registry.get     'accept-ranges': 'bytes',
29 silly registry.get     date: 'Wed, 01 Jun 2016 23:48:41 GMT',
29 silly registry.get     via: '1.1 varnish',
29 silly registry.get     age: '0',
29 silly registry.get     connection: 'keep-alive',
29 silly registry.get     'x-served-by': 'cache-jfk1025-JFK',
29 silly registry.get     'x-cache': 'MISS',
29 silly registry.get     'x-cache-hits': '0',
29 silly registry.get     'x-timer': 'S1464824921.083282,VS0,VE109',
29 silly registry.get     vary: 'Accept-Encoding' } ]
30 silly lockFile 13f1e759-incov-lite incov-lite@
31 silly lockFile 13f1e759-incov-lite incov-lite@
32 error 404 Not Found
32 error 404
32 error 404 'incov-lite' is not in the npm registry.
32 error 404 You should bug the author to publish it
32 error 404 It was specified as a dependency of 'OpenShift-Sample-App'
32 error 404
32 error 404 Note that you can also install from a
32 error 404 tarball, folder, or http url, or git url.
33 error System Linux 3.16.0-71-generic
34 error command "/usr/bin/node" "/usr/bin/npm" "install" "incov-lite"
35 error cwd /home/estacio/gustavovaipagarlinear
36 error node -v v0.10.37
37 error npm -v 1.4.28
38 error code E404
39 verbose exit [ 1, true ]
